E:\WORK\ARMAGV\MSVC\VCAGV\VCAGV\DEBUG\VCAGV.PCH
E:\WORK\ARMAGV\MSVC\VCAGV\VCAGV\DEBUG\STDAFX.OBJ
E:\WORK\ARMAGV\MSVC\VCAGV\VCAGV\DEBUG\VC110.PDB
E:\WORK\ARMAGV\MSVC\VCAGV\VCAGV\DEBUG\DRAWCURVE.OBJ
E:\WORK\ARMAGV\MSVC\VCAGV\VCAGV\DEBUG\GENFUN.OBJ
E:\WORK\ARMAGV\MSVC\VCAGV\VCAGV\DEBUG\NETVARSFM.OBJ
E:\WORK\ARMAGV\MSVC\VCAGV\VCAGV\DEBUG\STRINGBUF.OBJ
E:\WORK\ARMAGV\MSVC\VCAGV\VCAGV\DEBUG\UARTVARSFM.OBJ
E:\WORK\ARMAGV\MSVC\VCAGV\VCAGV\DEBUG\VCAGV.OBJ
E:\WORK\ARMAGV\MSVC\VCAGV\VCAGV\DEBUG\VCAGVDLG.OBJ
E:\WORK\ARMAGV\MSVC\VCAGV\DEBUG\VCAGV.ILK
E:\WORK\ARMAGV\MSVC\VCAGV\DEBUG\VCAGV.EXE
E:\WORK\ARMAGV\MSVC\VCAGV\DEBUG\VCAGV.PDB
E:\WORK\ARMAGV\MSVC\VCAGV\VCAGV\DEBUG\VCAGV.RES
E:\Work\ArmAgv\MSVC\VcAgv\VcAgv\Debug\DrawCurve.obj
E:\Work\ArmAgv\MSVC\VcAgv\VcAgv\Debug\GenFun.obj
E:\Work\ArmAgv\MSVC\VcAgv\VcAgv\Debug\NetVarSFm.obj
E:\Work\ArmAgv\MSVC\VcAgv\VcAgv\Debug\stdafx.obj
E:\Work\ArmAgv\MSVC\VcAgv\VcAgv\Debug\StringBuf.obj
E:\Work\ArmAgv\MSVC\VcAgv\VcAgv\Debug\UartVarSFm.obj
E:\Work\ArmAgv\MSVC\VcAgv\VcAgv\Debug\VcAgv.obj
E:\Work\ArmAgv\MSVC\VcAgv\VcAgv\Debug\VcAgvDlg.obj
E:\Work\ArmAgv\MSVC\VcAgv\VcAgv\Debug\cl.command.1.tlog
E:\Work\ArmAgv\MSVC\VcAgv\VcAgv\Debug\CL.read.1.tlog
E:\Work\ArmAgv\MSVC\VcAgv\VcAgv\Debug\CL.write.1.tlog
E:\Work\ArmAgv\MSVC\VcAgv\VcAgv\Debug\link-cvtres.read.1.tlog
E:\Work\ArmAgv\MSVC\VcAgv\VcAgv\Debug\link-cvtres.write.1.tlog
E:\Work\ArmAgv\MSVC\VcAgv\VcAgv\Debug\link-mt.read.1.tlog
E:\Work\ArmAgv\MSVC\VcAgv\VcAgv\Debug\link-mt.write.1.tlog
E:\Work\ArmAgv\MSVC\VcAgv\VcAgv\Debug\link-rc.read.1.tlog
E:\Work\ArmAgv\MSVC\VcAgv\VcAgv\Debug\link-rc.write.1.tlog
E:\Work\ArmAgv\MSVC\VcAgv\VcAgv\Debug\link.command.1.tlog
E:\Work\ArmAgv\MSVC\VcAgv\VcAgv\Debug\link.read.1.tlog
E:\Work\ArmAgv\MSVC\VcAgv\VcAgv\Debug\link.write.1.tlog
E:\Work\ArmAgv\MSVC\VcAgv\VcAgv\Debug\rc.command.1.tlog
E:\Work\ArmAgv\MSVC\VcAgv\VcAgv\Debug\rc.read.1.tlog
E:\Work\ArmAgv\MSVC\VcAgv\VcAgv\Debug\rc.write.1.tlog
E:\Work\ArmAgv\MSVC\VcAgv\VcAgv\Debug\VcAgv.res
E:\Work\ArmAgv\MSVC\VcAgv\VcAgv\Debug\VcAgv.pch
E:\Work\ArmAgv\MSVC\VcAgv\VcAgv\Debug\vc110.idb
E:\Work\ArmAgv\MSVC\VcAgv\VcAgv\Debug\vc110.pdb
E:\Work\ArmAgv\MSVC\VcAgv\Debug\VcAgv.pdb
E:\Work\ArmAgv\MSVC\VcAgv\Debug\VcAgv.exe
E:\Work\ArmAgv\MSVC\VcAgv\Debug\VcAgv.ilk
