D:\WORK\ARMAGV\MSVC\VCAGV\VCAGV\RELEASE\VCAGV.PCH
D:\WORK\ARMAGV\MSVC\VCAGV\VCAGV\RELEASE\STDAFX.OBJ
D:\WORK\ARMAGV\MSVC\VCAGV\VCAGV\RELEASE\VC110.PDB
D:\WORK\ARMAGV\MSVC\VCAGV\VCAGV\RELEASE\VCAGVDLG.OBJ
D:\WORK\ARMAGV\MSVC\VCAGV\VCAGV\RELEASE\VCAGV.OBJ
D:\WORK\ARMAGV\MSVC\VCAGV\VCAGV\RELEASE\UARTVARSFM.OBJ
D:\WORK\ARMAGV\MSVC\VCAGV\VCAGV\RELEASE\STRINGBUF.OBJ
D:\WORK\ARMAGV\MSVC\VCAGV\VCAGV\RELEASE\NETVARSFM.OBJ
D:\WORK\ARMAGV\MSVC\VCAGV\VCAGV\RELEASE\GENFUN.OBJ
D:\WORK\ARMAGV\MSVC\VCAGV\VCAGV\RELEASE\DRAWCURVE.OBJ
D:\WORK\ARMAGV\MSVC\VCAGV\RELEASE\VCAGV.EXE
D:\WORK\ARMAGV\MSVC\VCAGV\RELEASE\VCAGV.PDB
D:\WORK\ARMAGV\MSVC\VCAGV\VCAGV\RELEASE\VCAGV.RES
D:\Work\ArmAgv\MSVC\VcAgv\VcAgv\Release\DrawCurve.obj
D:\Work\ArmAgv\MSVC\VcAgv\VcAgv\Release\GenFun.obj
D:\Work\ArmAgv\MSVC\VcAgv\VcAgv\Release\NetVarSFm.obj
D:\Work\ArmAgv\MSVC\VcAgv\VcAgv\Release\stdafx.obj
D:\Work\ArmAgv\MSVC\VcAgv\VcAgv\Release\StringBuf.obj
D:\Work\ArmAgv\MSVC\VcAgv\VcAgv\Release\UartVarSFm.obj
D:\Work\ArmAgv\MSVC\VcAgv\VcAgv\Release\VcAgv.obj
D:\Work\ArmAgv\MSVC\VcAgv\VcAgv\Release\VcAgvDlg.obj
D:\Work\ArmAgv\MSVC\VcAgv\VcAgv\Release\cl.command.1.tlog
D:\Work\ArmAgv\MSVC\VcAgv\VcAgv\Release\CL.read.1.tlog
D:\Work\ArmAgv\MSVC\VcAgv\VcAgv\Release\CL.write.1.tlog
D:\Work\ArmAgv\MSVC\VcAgv\VcAgv\Release\link-cvtres.read.1.tlog
D:\Work\ArmAgv\MSVC\VcAgv\VcAgv\Release\link-cvtres.write.1.tlog
D:\Work\ArmAgv\MSVC\VcAgv\VcAgv\Release\link-mt.read.1.tlog
D:\Work\ArmAgv\MSVC\VcAgv\VcAgv\Release\link-mt.write.1.tlog
D:\Work\ArmAgv\MSVC\VcAgv\VcAgv\Release\link-rc.read.1.tlog
D:\Work\ArmAgv\MSVC\VcAgv\VcAgv\Release\link-rc.write.1.tlog
D:\Work\ArmAgv\MSVC\VcAgv\VcAgv\Release\link.command.1.tlog
D:\Work\ArmAgv\MSVC\VcAgv\VcAgv\Release\link.read.1.tlog
D:\Work\ArmAgv\MSVC\VcAgv\VcAgv\Release\link.write.1.tlog
D:\Work\ArmAgv\MSVC\VcAgv\VcAgv\Release\rc.command.1.tlog
D:\Work\ArmAgv\MSVC\VcAgv\VcAgv\Release\rc.read.1.tlog
D:\Work\ArmAgv\MSVC\VcAgv\VcAgv\Release\rc.write.1.tlog
D:\Work\ArmAgv\MSVC\VcAgv\VcAgv\Release\VcAgv.res
D:\Work\ArmAgv\MSVC\VcAgv\VcAgv\Release\VcAgv.pch
D:\Work\ArmAgv\MSVC\VcAgv\VcAgv\Release\vc110.pdb
D:\Work\ArmAgv\MSVC\VcAgv\Release\VcAgv.pdb
D:\Work\ArmAgv\MSVC\VcAgv\Release\VcAgv.exe
