21:26:16 DAT ---> <16> AT+CIPSEND=0,16.
[41 54 2B 43 49 50 53 45 4E 44 3D 30 2C 31 36 0D ]

21:26:16 DAT ---> <16> AT+CIPSEND=0,16.
[41 54 2B 43 49 50 53 45 4E 44 3D 30 2C 31 36 0D ]

21:26:16 DAT ---> <16> AT+CIPSEND=0,16.
[41 54 2B 43 49 50 53 45 4E 44 3D 30 2C 31 36 0D ]

21:26:16 DAT ---> <16> AT+CIPSEND=0,16.
[41 54 2B 43 49 50 53 45 4E 44 3D 30 2C 31 36 0D ]

21:26:17 DAT ---> <16> AT+CIPSEND=0,16.
[41 54 2B 43 49 50 53 45 4E 44 3D 30 2C 31 36 0D ]

21:26:17 DAT ---> <16> AT+CIPSEND=0,16.
[41 54 2B 43 49 50 53 45 4E 44 3D 30 2C 31 36 0D ]

21:26:17 DAT ---> <16> AT+CIPSEND=0,16.
[41 54 2B 43 49 50 53 45 4E 44 3D 30 2C 31 36 0D ]

21:26:17 DAT ---> <16> AT+CIPSEND=0,16.
[41 54 2B 43 49 50 53 45 4E 44 3D 30 2C 31 36 0D ]

21:26:17 DAT ---> <16> AT+CIPSEND=0,16.
[41 54 2B 43 49 50 53 45 4E 44 3D 30 2C 31 36 0D ]

21:26:18 DAT ---> <16> AT+CIPSEND=0,16.
[41 54 2B 43 49 50 53 45 4E 44 3D 30 2C 31 36 0D ]

21:26:18 DAT ---> <16> AT+CIPSEND=0,16.
[41 54 2B 43 49 50 53 45 4E 44 3D 30 2C 31 36 0D ]

21:26:18 DAT ---> <16> AT+CIPSEND=0,16.
[41 54 2B 43 49 50 53 45 4E 44 3D 30 2C 31 36 0D ]

21:26:18 DAT ---> <16> AT+CIPSEND=0,16.
[41 54 2B 43 49 50 53 45 4E 44 3D 30 2C 31 36 0D ]

21:26:18 DAT ---> <16> AT+CIPSEND=0,16.
[41 54 2B 43 49 50 53 45 4E 44 3D 30 2C 31 36 0D ]

21:26:19 DAT ---> <16> AT+CIPSEND=0,16.
[41 54 2B 43 49 50 53 45 4E 44 3D 30 2C 31 36 0D ]

21:26:19 DAT ---> <16> AT+CIPSEND=0,16.
[41 54 2B 43 49 50 53 45 4E 44 3D 30 2C 31 36 0D ]

21:26:19 DAT ---> <16> AT+CIPSEND=0,16.
[41 54 2B 43 49 50 53 45 4E 44 3D 30 2C 31 36 0D ]

21:26:19 DAT ---> <16> AT+CIPSEND=0,16.
[41 54 2B 43 49 50 53 45 4E 44 3D 30 2C 31 36 0D ]

21:26:19 DAT ---> <16> AT+CIPSEND=0,16.
[41 54 2B 43 49 50 53 45 4E 44 3D 30 2C 31 36 0D ]

21:26:20 DAT ---> <16> AT+CIPSEND=0,16.
[41 54 2B 43 49 50 53 45 4E 44 3D 30 2C 31 36 0D ]

21:26:20 DAT ---> <16> AT+CIPSEND=0,16.
[41 54 2B 43 49 50 53 45 4E 44 3D 30 2C 31 36 0D ]

21:26:20 DAT ---> <16> AT+CIPSEND=0,16.
[41 54 2B 43 49 50 53 45 4E 44 3D 30 2C 31 36 0D ]

21:26:20 DAT ---> <16> AT+CIPSEND=0,16.
[41 54 2B 43 49 50 53 45 4E 44 3D 30 2C 31 36 0D ]

21:26:20 DAT ---> <16> AT+CIPSEND=0,16.
[41 54 2B 43 49 50 53 45 4E 44 3D 30 2C 31 36 0D ]

21:26:21 DAT ---> <16> AT+CIPSEND=0,16.
[41 54 2B 43 49 50 53 45 4E 44 3D 30 2C 31 36 0D ]

21:26:21 DAT ---> <16> AT+CIPSEND=0,16.
[41 54 2B 43 49 50 53 45 4E 44 3D 30 2C 31 36 0D ]

21:26:21 DAT ---> <16> AT+CIPSEND=0,16.
[41 54 2B 43 49 50 53 45 4E 44 3D 30 2C 31 36 0D ]

21:26:21 DAT ---> <16> AT+CIPSEND=0,16.
[41 54 2B 43 49 50 53 45 4E 44 3D 30 2C 31 36 0D ]

21:26:21 DAT ---> <16> AT+CIPSEND=0,16.
[41 54 2B 43 49 50 53 45 4E 44 3D 30 2C 31 36 0D ]

21:26:22 DAT ---> <16> AT+CIPSEND=0,16.
[41 54 2B 43 49 50 53 45 4E 44 3D 30 2C 31 36 0D ]

21:26:22 DAT ---> <16> AT+CIPSEND=0,16.
[41 54 2B 43 49 50 53 45 4E 44 3D 30 2C 31 36 0D ]

21:26:22 DAT ---> <16> AT+CIPSEND=0,16.
[41 54 2B 43 49 50 53 45 4E 44 3D 30 2C 31 36 0D ]

21:26:22 DAT ---> <16> AT+CIPSEND=0,16.
[41 54 2B 43 49 50 53 45 4E 44 3D 30 2C 31 36 0D ]

21:26:22 DAT ---> <16> AT+CIPSEND=0,16.
[41 54 2B 43 49 50 53 45 4E 44 3D 30 2C 31 36 0D ]

21:26:23 DAT ---> <16> AT+CIPSEND=0,16.
[41 54 2B 43 49 50 53 45 4E 44 3D 30 2C 31 36 0D ]

21:26:23 DAT ---> <16> AT+CIPSEND=0,16.
[41 54 2B 43 49 50 53 45 4E 44 3D 30 2C 31 36 0D ]

21:26:23 DAT ---> <16> AT+CIPSEND=0,16.
[41 54 2B 43 49 50 53 45 4E 44 3D 30 2C 31 36 0D ]

